<?xml version="1.0" encoding="UTF-8"?>
<!-- Generated by org.testng.reporters.JUnitReportReporter -->
<testsuite hostname="DESKTOP-CQPGLJ4" failures="0" tests="1" name="TestCase.FirstCase" time="13.379" errors="0" timestamp="2023-07-01T21:01:15 IST" skipped="0">
  <testcase classname="TestCase.FirstCase" name="Browser" time="13.379"/>
  <system-out/>
</testsuite> <!-- TestCase.FirstCase -->
