<?xml version="1.0" encoding="UTF-8"?>
<!-- Generated by org.testng.reporters.JUnitReportReporter -->
<testsuite hostname="DESKTOP-CQPGLJ4" failures="0" tests="1" name="TestCase.testcase" time="10.538" errors="0" timestamp="2023-07-01T20:32:22 IST" skipped="0">
  <testcase classname="TestCase.testcase" name="Browser" time="10.538"/>
  <system-out/>
</testsuite> <!-- TestCase.testcase -->
