<?xml version="1.0" encoding="UTF-8"?>
<!-- Generated by org.testng.reporters.JUnitReportReporter -->
<testsuite hostname="DESKTOP-CQPGLJ4" failures="0" tests="1" name="TestCase.FirstCase" time="9.774" errors="0" timestamp="2023-07-01T21:02:09 IST" skipped="0">
  <testcase classname="TestCase.FirstCase" name="Browser" time="9.774"/>
  <system-out/>
</testsuite> <!-- TestCase.FirstCase -->
